[debug] [2017-08-01T02:39:26.153Z] ----------------------------------------------------------------------
[debug] [2017-08-01T02:39:26.156Z] Command:      C:\Program Files\nodejs\node.exe C:\Users\Stephany\AppData\Roaming\npm\node_modules\firebase-tools\bin\firebase serve
[debug] [2017-08-01T02:39:26.156Z] CLI Version:  3.9.1
[debug] [2017-08-01T02:39:26.156Z] Platform:     win32
[debug] [2017-08-01T02:39:26.156Z] Node Version: v6.11.1
[debug] [2017-08-01T02:39:26.157Z] Time:         Mon Jul 31 2017 22:39:26 GMT-0400 (Eastern Daylight Time)
[debug] [2017-08-01T02:39:26.157Z] ----------------------------------------------------------------------
[debug] 
[debug] [2017-08-01T02:39:26.186Z] > command requires scopes: ["email","openid","https://www.googleapis.com/auth/cloudplatformprojects.readonly","https://www.googleapis.com/auth/firebase","https://www.googleapis.com/auth/cloud-platform"]
[debug] [2017-08-01T02:39:26.187Z] > authorizing via signed-in user
[debug] [2017-08-01T02:39:26.189Z] > refreshing access token with scopes: ["email","https://www.googleapis.com/auth/cloud-platform","https://www.googleapis.com/auth/cloudplatformprojects.readonly","https://www.googleapis.com/auth/firebase","openid"]
[debug] [2017-08-01T02:39:26.189Z] >>> HTTP REQUEST POST https://www.googleapis.com/oauth2/v3/token { refresh_token: '1/kjO8QSYYoZHnWHSCyS8Yn9OYlxj9vKh9zXFJluwTBS0',
  client_id: '563584335869-fgrhgmd47bqnekij5i8b5pr03ho849e6.apps.googleusercontent.com',
  client_secret: 'j9iVZfS8kkCEFUPaAeJV0sAi',
  grant_type: 'refresh_token',
  scope: 'email https://www.googleapis.com/auth/cloud-platform https://www.googleapis.com/auth/cloudplatformprojects.readonly https://www.googleapis.com/auth/firebase openid' } 
 Mon Jul 31 2017 22:39:26 GMT-0400 (Eastern Daylight Time)
[debug] [2017-08-01T02:39:26.349Z] <<< HTTP RESPONSE 200
[debug] [2017-08-01T02:39:26.380Z] >>> HTTP REQUEST GET https://admin.firebase.com/v1/projects/bloc-chat-9a5b3  
 Mon Jul 31 2017 22:39:26 GMT-0400 (Eastern Daylight Time)
[debug] [2017-08-01T02:39:26.789Z] <<< HTTP RESPONSE 200
[debug] [2017-08-01T02:39:26.791Z] >>> HTTP REQUEST GET https://admin.firebase.com/v1/database/bloc-chat-9a5b3/tokens  
 Mon Jul 31 2017 22:39:26 GMT-0400 (Eastern Daylight Time)
[debug] [2017-08-01T02:39:27.109Z] <<< HTTP RESPONSE 200
[info] 
[info] === Serving from 'C:\Users\Stephany\bloc\bloc-chat'...
[info] 
[debug] [2017-08-01T02:39:27.117Z] >>> HTTP REQUEST GET https://cloudresourcemanager.googleapis.com/v1/projects/bloc-chat-9a5b3  
 Mon Jul 31 2017 22:39:27 GMT-0400 (Eastern Daylight Time)
[debug] [2017-08-01T02:39:27.428Z] <<< HTTP RESPONSE 200
[debug] [2017-08-01T02:39:27.430Z] >>> HTTP REQUEST GET https://mobilesdk-pa.googleapis.com/v1/projects/198768518971/clients/_:getWebAppConfig  
 Mon Jul 31 2017 22:39:27 GMT-0400 (Eastern Daylight Time)
[debug] [2017-08-01T02:39:27.836Z] <<< HTTP RESPONSE 200
[debug] [2017-08-01T02:39:27.894Z] TypeError: Cannot read property 'public' of undefined
[error] 
[error] Error: An unexpected error has occurred.
