[debug] [2017-08-01T17:55:52.402Z] ----------------------------------------------------------------------
[debug] [2017-08-01T17:55:52.406Z] Command:      C:\Program Files\nodejs\node.exe C:\Users\Stephany\AppData\Roaming\npm\node_modules\firebase-tools\bin\firebase serve
[debug] [2017-08-01T17:55:52.406Z] CLI Version:  3.9.1
[debug] [2017-08-01T17:55:52.406Z] Platform:     win32
[debug] [2017-08-01T17:55:52.406Z] Node Version: v6.11.1
[debug] [2017-08-01T17:55:52.407Z] Time:         Tue Aug 01 2017 13:55:52 GMT-0400 (Eastern Daylight Time)
[debug] [2017-08-01T17:55:52.407Z] ----------------------------------------------------------------------
[debug] 
[debug] [2017-08-01T17:55:52.433Z] > command requires scopes: ["email","openid","https://www.googleapis.com/auth/cloudplatformprojects.readonly","https://www.googleapis.com/auth/firebase","https://www.googleapis.com/auth/cloud-platform"]
[debug] [2017-08-01T17:55:52.433Z] > authorizing via signed-in user
[debug] [2017-08-01T17:55:52.435Z] > refreshing access token with scopes: ["email","https://www.googleapis.com/auth/cloud-platform","https://www.googleapis.com/auth/cloudplatformprojects.readonly","https://www.googleapis.com/auth/firebase","openid"]
[debug] [2017-08-01T17:55:52.436Z] >>> HTTP REQUEST POST https://www.googleapis.com/oauth2/v3/token { refresh_token: '1/t5DVG0mNpAV9mnm9V4yjFxAhDRrpAt1y-xUuRhDwHkSBsdp8FHdPgJGIhnKgoIZG',
  client_id: '563584335869-fgrhgmd47bqnekij5i8b5pr03ho849e6.apps.googleusercontent.com',
  client_secret: 'j9iVZfS8kkCEFUPaAeJV0sAi',
  grant_type: 'refresh_token',
  scope: 'email https://www.googleapis.com/auth/cloud-platform https://www.googleapis.com/auth/cloudplatformprojects.readonly https://www.googleapis.com/auth/firebase openid' } 
 Tue Aug 01 2017 13:55:52 GMT-0400 (Eastern Daylight Time)
[debug] [2017-08-01T17:55:52.591Z] <<< HTTP RESPONSE 200
[debug] [2017-08-01T17:55:52.628Z] >>> HTTP REQUEST GET https://admin.firebase.com/v1/projects/bloc-chat-9a5b3  
 Tue Aug 01 2017 13:55:52 GMT-0400 (Eastern Daylight Time)
[debug] [2017-08-01T17:55:53.175Z] <<< HTTP RESPONSE 200
[debug] [2017-08-01T17:55:53.176Z] >>> HTTP REQUEST GET https://admin.firebase.com/v1/database/bloc-chat-9a5b3/tokens  
 Tue Aug 01 2017 13:55:53 GMT-0400 (Eastern Daylight Time)
[debug] [2017-08-01T17:55:53.523Z] <<< HTTP RESPONSE 200
[info] 
[info] === Serving from 'C:\Users\Stephany\bloc\bloc-chat'...
[info] 
[debug] [2017-08-01T17:55:53.526Z] >>> HTTP REQUEST GET https://cloudresourcemanager.googleapis.com/v1/projects/bloc-chat-9a5b3  
 Tue Aug 01 2017 13:55:53 GMT-0400 (Eastern Daylight Time)
[debug] [2017-08-01T17:55:53.832Z] <<< HTTP RESPONSE 200
[debug] [2017-08-01T17:55:53.833Z] >>> HTTP REQUEST GET https://mobilesdk-pa.googleapis.com/v1/projects/198768518971/clients/_:getWebAppConfig  
 Tue Aug 01 2017 13:55:53 GMT-0400 (Eastern Daylight Time)
[debug] [2017-08-01T17:55:54.300Z] <<< HTTP RESPONSE 200
[info] i  hosting: Serving hosting files from: app/
[info] +  hosting: Local server: http://localhost:5000

